<?xml version="1.0" encoding="UTF-8"?>
<!-- Generated by org.testng.reporters.JUnitReportReporter -->
<testsuite hostname="DESKTOP-G3E20IF" failures="0" tests="2" name="login.LoginTest" time="11.185" errors="0" timestamp="2020-04-12T00:32:07 IST" skipped="0">
  <testcase classname="login.LoginTest" name="loginTest" time="6.501"/>
  <testcase classname="login.LoginTest" name="loginTest" time="4.684"/>
</testsuite> <!-- login.LoginTest -->
