<?xml version="1.0" encoding="UTF-8"?>
<!-- Generated by org.testng.reporters.JUnitReportReporter -->
<testsuite hostname="DESKTOP-G3E20IF" failures="0" tests="2" name="clients.CreatesClients" time="19.997" errors="0" timestamp="2020-04-06T23:20:05 IST" skipped="0">
  <testcase classname="clients.CreatesClients" name="testCreateClient" time="11.380"/>
  <testcase classname="clients.CreatesClients" name="testCreateClient" time="8.617"/>
</testsuite> <!-- clients.CreatesClients -->
