<?xml version="1.0" encoding="UTF-8"?>
<!-- Generated by org.testng.reporters.JUnitReportReporter -->
<testsuite hostname="DESKTOP-G3E20IF" failures="0" tests="2" name="clients.CreatesClients" time="18.228" errors="0" timestamp="2020-04-12T00:32:07 IST" skipped="0">
  <testcase classname="clients.CreatesClients" name="testCreateClient" time="10.162"/>
  <testcase classname="clients.CreatesClients" name="testCreateClient" time="8.066"/>
</testsuite> <!-- clients.CreatesClients -->
