<?xml version="1.0" encoding="UTF-8"?>
<!-- Generated by org.testng.reporters.JUnitReportReporter -->
<testsuite hostname="DESKTOP-G3E20IF" failures="0" tests="4" name="login.LoginTest" time="20.464" errors="0" timestamp="2020-04-12T00:39:52 IST" skipped="0">
  <testcase classname="login.LoginTest" name="loginTest" time="4.598"/>
  <testcase classname="login.LoginTest" name="loginTest" time="5.500"/>
  <testcase classname="login.LoginTest" name="loginTest" time="4.212"/>
  <testcase classname="login.LoginTest" name="loginTest" time="6.154"/>
</testsuite> <!-- login.LoginTest -->
