<?xml version="1.0" encoding="UTF-8"?>
<!-- Generated by org.testng.reporters.JUnitReportReporter -->
<testsuite hostname="DESKTOP-G3E20IF" failures="0" tests="4" name="clients.CreatesClients" time="36.509" errors="0" timestamp="2020-04-12T00:39:52 IST" skipped="0">
  <testcase classname="clients.CreatesClients" name="testCreateClient" time="8.325"/>
  <testcase classname="clients.CreatesClients" name="testCreateClient" time="7.429"/>
  <testcase classname="clients.CreatesClients" name="testCreateClient" time="9.944"/>
  <testcase classname="clients.CreatesClients" name="testCreateClient" time="10.811"/>
</testsuite> <!-- clients.CreatesClients -->
